<?xml version="1.0" encoding="UTF-8"?>
<!-- Generated by org.testng.reporters.JUnitXMLReporter -->
<testsuite hostname="Ashish-PC" ignored="1" name="Default test" tests="4" failures="0" timestamp="19 Aug 2018 17:49:58 GMT" time="5.783" errors="0">
  <testcase name="testDeleteMethod" time="2.449" classname="com.restful.get.PlayWithRestAssured"/>
  <testcase name="testGetMethod" time="2.2" classname="com.restful.get.PlayWithRestAssured"/>
  <testcase name="testPostMethod" time="0.506" classname="com.restful.get.PlayWithRestAssured"/>
  <testcase name="testPutMethod" time="0.579" classname="com.restful.get.PlayWithRestAssured"/>
  <testcase name="testGetWeatherData" time="0.0" classname="com.restful.get.PlayWithRestAssured">
    <ignored/>
  </testcase> <!-- testGetWeatherData -->
</testsuite> <!-- Default test -->
